// 重构日志: 4aab1fbf
// 重构日志: a6ddfe8c
// 重构日志: ee84a51e
// 重构日志: 06af8db5
// 重构日志: a4bbd62e
// 重构日志: 6dd30154
// 重构日志: 7008d73c
// 重构日志: 1ec6c690
// 同步 ID: 8d81768f @ Sat Jul 11 13:00:23 UTC 2026
// 重构日志: 7ac66144
// 重构日志: fa621703
// 同步 ID: 3e4b8a3a @ Mon Jul 13 11:49:58 UTC 2026
// 重构日志: a88d6511
// 重构日志: d1b46c61
// 同步 ID: c6452a82 @ Sat Jul 18 07:10:04 UTC 2026
// 同步 ID: 12923f2b @ Sat Jul 18 16:52:54 UTC 2026
// 重构日志: 3891bda7
// 重构日志: 6f2532ea
// 重构日志: 10d5d082
// 重构日志: eb91471f
// 同步 ID: f3a18bf0 @ Mon Jul 20 08:21:29 UTC 2026
// 同步 ID: f991f3be @ Mon Jul 20 17:02:19 UTC 2026
// 重构日志: 3a2f9858
// 重构日志: f2605e62
// 重构日志: dbdd019d
// 同步 ID: 85e3865d @ Wed Jul 22 04:47:58 UTC 2026
// 同步 ID: b6a4dce2 @ Wed Jul 22 15:28:45 UTC 2026
// 同步 ID: 739b9593 @ Wed Jul 22 17:33:18 UTC 2026
// 重构日志: fa95e854
// 同步 ID: e78e13ec @ Fri Jul 24 04:39:37 UTC 2026
